<?xml version="1.0" encoding="UTF-8"?>
<testng-results ignored="0" total="1" passed="1" failed="0" skipped="0">
  <reporter-output>
  </reporter-output>
  <suite started-at="2023-01-29T17:11:46 IST" name="Default suite" finished-at="2023-01-29T17:11:55 IST" duration-ms="9035">
    <groups>
    </groups>
    <test started-at="2023-01-29T17:11:46 IST" name="Default test" finished-at="2023-01-29T17:11:55 IST" duration-ms="9035">
      <class name="com.facebook.test.LoginTest">
        <test-method is-config="true" signature="basicSetup()[pri:0, instance:com.facebook.test.LoginTest@47987356]" started-at="2023-01-29T17:11:46 IST" name="basicSetup" finished-at="2023-01-29T17:11:54 IST" duration-ms="7767" status="PASS">
          <reporter-output>
          </reporter-output>
        </test-method> <!-- basicSetup -->
        <test-method signature="login()[pri:0, instance:com.facebook.test.LoginTest@47987356]" started-at="2023-01-29T17:11:54 IST" name="login" finished-at="2023-01-29T17:11:54 IST" duration-ms="76" status="PASS">
          <reporter-output>
          </reporter-output>
        </test-method> <!-- login -->
        <test-method is-config="true" signature="endTest()[pri:0, instance:com.facebook.test.LoginTest@47987356]" started-at="2023-01-29T17:11:54 IST" name="endTest" finished-at="2023-01-29T17:11:55 IST" duration-ms="1131" status="PASS">
          <reporter-output>
          </reporter-output>
        </test-method> <!-- endTest -->
      </class> <!-- com.facebook.test.LoginTest -->
    </test> <!-- Default test -->
  </suite> <!-- Default suite -->
</testng-results>
