<?xml version="1.0" encoding="UTF-8"?>
<testng-results ignored="0" total="1" passed="1" failed="0" skipped="0">
  <reporter-output>
  </reporter-output>
  <suite started-at="2023-01-31T00:08:11 IST" name="Default suite" finished-at="2023-01-31T00:08:22 IST" duration-ms="10298">
    <groups>
    </groups>
    <test started-at="2023-01-31T00:08:11 IST" name="Default test" finished-at="2023-01-31T00:08:22 IST" duration-ms="10298">
      <class name="com.facebook.test.LoginTest">
        <test-method is-config="true" signature="basicSetup()[pri:0, instance:com.facebook.test.LoginTest@350aac89]" started-at="2023-01-31T00:08:11 IST" name="basicSetup" finished-at="2023-01-31T00:08:17 IST" duration-ms="5267" status="PASS">
          <reporter-output>
          </reporter-output>
        </test-method> <!-- basicSetup -->
        <test-method signature="login()[pri:0, instance:com.facebook.test.LoginTest@350aac89]" started-at="2023-01-31T00:08:17 IST" name="login" finished-at="2023-01-31T00:08:21 IST" duration-ms="4175" status="PASS">
          <reporter-output>
          </reporter-output>
        </test-method> <!-- login -->
        <test-method is-config="true" signature="endTest()[pri:0, instance:com.facebook.test.LoginTest@350aac89]" started-at="2023-01-31T00:08:21 IST" name="endTest" finished-at="2023-01-31T00:08:22 IST" duration-ms="762" status="PASS">
          <reporter-output>
          </reporter-output>
        </test-method> <!-- endTest -->
      </class> <!-- com.facebook.test.LoginTest -->
    </test> <!-- Default test -->
  </suite> <!-- Default suite -->
</testng-results>
